Database name: 'linkme'
Database user id: 'linkme_owner'
Database password: 'linkme'
Processing script: 'install_new_content.sql'
CommandLine: 'isql -U linkme_owner -P linkme -d linkme -i install_new_content.sql'
Execution proceeding
+++ Begin Command Output +++
1> 2> 3> 4> 5> 6> 7> 8> 9> 10> 11> 12> 1> 2> 3> 4> 5> 6> 7> 8> 9> 10> 11> 12> 13> 14> 15> 16> 17> 18> 19> Warning: The table 'content' has been created but its maximum row size (8332)
exceeds the maximum number of bytes per row (8060). INSERT or UPDATE of a row
in this table will fail if the resulting row length exceeds 8060 bytes.
1> 2> 3> 4> 5> 6> 7> 8> 9> 10> 11> 12> 13> 14> 15> 16> 17> 18> 19> 20> 21> 22> 23> 24> 25> 26> 27> (1 row affected)
(1 row affected)
(1 row affected)
(1 row affected)
(1 row affected)
1> 
+++ End Command Output +++
Processing script: 'install_new_resume_complete_status.sql'
CommandLine: 'isql -U linkme_owner -P linkme -d linkme -i install_new_resume_complete_status.sql'
Execution proceeding
+++ Begin Command Output +++
1> 2> 3> 4> 5> 6> 7> 8> 9> 10> 11> 12> 1> 
+++ End Command Output +++
Processing script: 'update_resume_complete_status.sql'
CommandLine: 'isql -U linkme_owner -P linkme -d linkme -i update_resume_complete_status.sql'
Execution proceeding
+++ Begin Command Output +++
1> 2> 3> 4> 5> 6> 7> 8> 9> 10> 11> 12> (0 rows affected)
1> 
+++ End Command Output +++
Processing script: 'update_database_version_table.sql'
CommandLine: 'isql -U linkme_owner -P linkme -d linkme -i update_database_version_table.sql'
Execution proceeding
+++ Begin Command Output +++
1> 2> 3> 4> 5> 6> 7> 8> 9> 10> 11> 12> 13> 14> 1> 2> 3> 4> 5> 6> 7> 8> 9> 10> 11> 12> 13> 14> 15> (1 row affected)
1> 
+++ End Command Output +++
